<?xml version="1.0" encoding="UTF-8"?>
<!-- Generated by org.testng.reporters.JUnitReportReporter -->
<testsuite hostname="Siddannas-MacBook-Pro.local" failures="1" tests="3" name="cucumberOptions.TestNGRunner" time="25.921" errors="0" timestamp="2024-07-21T14:50:56 EDT" skipped="0">
  <testcase classname="cucumberOptions.TestNGRunner" name="runScenario" time="8.651"/>
  <testcase classname="cucumberOptions.TestNGRunner" name="runScenario" time="8.738">
    <failure message="expected [Beetroot] but found [No data]" type="java.lang.AssertionError">
      <![CDATA[java.lang.AssertionError: expected [Beetroot] but found [No data]
at org.testng.Assert.fail(Assert.java:111)
at org.testng.Assert.failNotEquals(Assert.java:1578)
at org.testng.Assert.assertEqualsImpl(Assert.java:150)
at org.testng.Assert.assertEquals(Assert.java:132)
at org.testng.Assert.assertEquals(Assert.java:656)
at org.testng.Assert.assertEquals(Assert.java:666)
at steps.OfferPageSteps.user_verifies_search_result(OfferPageSteps.java:49)
at ✽.User verifies the search result(file:///Users/sid/eclipse-workspace/cucumber.selenium/src/test/java/features/searchProduct.feature:10)
]]>
    </failure>
  </testcase> <!-- runScenario -->
  <testcase classname="cucumberOptions.TestNGRunner" name="runScenario" time="8.532"/>
</testsuite> <!-- cucumberOptions.TestNGRunner -->
